================================================
date:2023-6-28
time:17.14.0
request_type:CUR_DATA
request_id:0
device_id:1653
gps:1
gps_find_satellite:1
gps_data:1000,1000
must_go:1000,1000
distance:10
compass_angle:592
must_go_angle:90
ultrasonic:255
humidity:25
temperature:25
servo_angle:90
================================================
================================================
date:2023-6-28
time:17.14.0
request_type:CUR_DATA
request_id:1
device_id:1653
gps:1
gps_find_satellite:1
gps_data:2000,2000
must_go:1000,1000
distance:10
compass_angle:592
must_go_angle:90
ultrasonic:255
humidity:25
temperature:25
servo_angle:90
================================================
================================================
date:2023-6-28
time:17.14.0
request_type:CUR_DATA
request_id:2
device_id:1653
gps:1
gps_find_satellite:1
gps_data:3000,3000
must_go:1000,1000
distance:10
compass_angle:592
must_go_angle:90
ultrasonic:255
humidity:25
temperature:25
servo_angle:90
================================================
================================================
date:2023-6-28
time:17.14.0
request_type:CUR_DATA
request_id:3
device_id:1653
gps:1
gps_find_satellite:1
gps_data:4000,4000
must_go:1000,1000
distance:10
compass_angle:592
must_go_angle:90
ultrasonic:255
humidity:25
temperature:25
servo_angle:90
================================================
================================================
date:2023-6-28
time:17.14.0
request_type:CUR_DATA
request_id:4
device_id:1653
gps:1
gps_find_satellite:1
gps_data:5000,5000
must_go:1000,1000
distance:10
compass_angle:592
must_go_angle:90
ultrasonic:255
humidity:25
temperature:25
servo_angle:90
================================================
================================================
date:2023-6-28
time:17.14.0
request_type:CUR_DATA
request_id:6
device_id:1653
gps:1
gps_find_satellite:1
gps_data:7000,7000
must_go:1000,1000
distance:10
compass_angle:592
must_go_angle:90
ultrasonic:255
humidity:25
temperature:25
servo_angle:90
================================================
